2021-10-25 00:24:47 [main] INFO  c.m.d.t.t.k.s.TwitterToKafkaServiceApplication - Starting TwitterToKafkaServiceApplication on WKMZT2752C34.global.publicisgroupe.net with PID 6585 (/Users/rahsahay/Downloads/microservices-demo (2)/twitter-to-kafka-service/target/classes started by rahsahay in /Users/rahsahay/Downloads/microservices-demo (2))
2021-10-25 00:24:47 [main] INFO  c.m.d.t.t.k.s.TwitterToKafkaServiceApplication - No active profile set, falling back to default profiles: default
2021-10-25 00:24:48 [main] INFO  o.a.k.c.admin.AdminClientConfig - AdminClientConfig values: 
	bootstrap.servers = [localhost:19092, localhost:29092, localhost:39092]
	client.dns.lookup = default
	client.id = 
	connections.max.idle.ms = 300000
	default.api.timeout.ms = 60000
	metadata.max.age.ms = 300000
	metric.reporters = []
	metrics.num.samples = 2
	metrics.recording.level = INFO
	metrics.sample.window.ms = 30000
	receive.buffer.bytes = 65536
	reconnect.backoff.max.ms = 1000
	reconnect.backoff.ms = 50
	request.timeout.ms = 30000
	retries = 2147483647
	retry.backoff.ms = 100
	sasl.client.callback.handler.class = null
	sasl.jaas.config = null
	sasl.kerberos.kinit.cmd = /usr/bin/kinit
	sasl.kerberos.min.time.before.relogin = 60000
	sasl.kerberos.service.name = null
	sasl.kerberos.ticket.renew.jitter = 0.05
	sasl.kerberos.ticket.renew.window.factor = 0.8
	sasl.login.callback.handler.class = null
	sasl.login.class = null
	sasl.login.refresh.buffer.seconds = 300
	sasl.login.refresh.min.period.seconds = 60
	sasl.login.refresh.window.factor = 0.8
	sasl.login.refresh.window.jitter = 0.05
	sasl.mechanism = GSSAPI
	security.protocol = PLAINTEXT
	security.providers = null
	send.buffer.bytes = 131072
	ssl.cipher.suites = null
	ssl.enabled.protocols = [TLSv1.2]
	ssl.endpoint.identification.algorithm = https
	ssl.key.password = null
	ssl.keymanager.algorithm = SunX509
	ssl.keystore.location = null
	ssl.keystore.password = null
	ssl.keystore.type = JKS
	ssl.protocol = TLSv1.2
	ssl.provider = null
	ssl.secure.random.implementation = null
	ssl.trustmanager.algorithm = PKIX
	ssl.truststore.location = null
	ssl.truststore.password = null
	ssl.truststore.type = JKS

2021-10-25 00:24:48 [main] INFO  o.a.kafka.common.utils.AppInfoParser - Kafka version: 2.5.1
2021-10-25 00:24:48 [main] INFO  o.a.kafka.common.utils.AppInfoParser - Kafka commitId: 0efa8fb0f4c73d92
2021-10-25 00:24:48 [main] INFO  o.a.kafka.common.utils.AppInfoParser - Kafka startTimeMs: 1635101688630
2021-10-25 00:24:48 [main] INFO  o.s.b.w.e.netty.NettyWebServer - Netty started on port(s): 8080
2021-10-25 00:24:48 [main] INFO  c.m.d.t.t.k.s.TwitterToKafkaServiceApplication - Started TwitterToKafkaServiceApplication in 1.412 seconds (JVM running for 1.992)
2021-10-25 00:24:48 [main] INFO  c.m.d.t.t.k.s.TwitterToKafkaServiceApplication - App starts...
2021-10-25 00:24:48 [main] INFO  c.m.d.k.a.client.KafkaAdminClient - Creating 1 topics(s), attempt 0
2021-10-25 00:24:48 [main] INFO  c.m.d.k.a.client.KafkaAdminClient - Create topic result [KafkaFuture{value=null,exception=null,done=false}]
2021-10-25 00:24:48 [main] INFO  c.m.d.k.a.client.KafkaAdminClient - Reading kafka topic [twitter-topic], attempt 0
2021-10-25 00:24:49 [main] INFO  c.m.d.t.t.k.s.i.i.KafkaStreamInitializer - Topics with name twitter-topic is ready for operations!
2021-10-25 00:24:49 [Twitter Stream consumer /  [1][initializing]] INFO  twitter4j.TwitterStreamImpl - Establishing connection.
2021-10-25 00:24:49 [main] INFO  c.m.d.t.t.k.s.r.i.TwitterKafkaStreamRunner - Started filtering twitter stream for keywords [Java, Microservices, Kafka, Elasticsearch]
2021-10-25 00:24:50 [Twitter Stream consumer /  [1][Establishing connection]] INFO  twitter4j.TwitterStreamImpl - 401:Authentication credentials (https://dev.twitter.com/pages/auth) were missing or incorrect. Ensure that you have set valid consumer key/secret, access token/secret, and the system clock is in sync.
<html>\n<head>\n<meta http-equiv="Content-Type" content="text/html; charset=utf-8"/>\n<title>Error 401 Unauthorized</title>
</head>
<body>
<h2>HTTP ERROR: 401</h2>
<p>Problem accessing '/1.1/statuses/filter.json'. Reason:
<pre>    Unauthorized</pre>
</body>
</html>

2021-10-25 00:24:50 [Twitter Stream consumer /  [1][Establishing connection]] INFO  twitter4j.TwitterStreamImpl - Waiting for 10000 milliseconds
2021-10-25 00:25:00 [Twitter Stream consumer /  [1][Waiting for 10000 milliseconds]] INFO  twitter4j.TwitterStreamImpl - Establishing connection.
2021-10-25 00:25:00 [Twitter Stream consumer /  [1][Establishing connection]] INFO  twitter4j.TwitterStreamImpl - 401:Authentication credentials (https://dev.twitter.com/pages/auth) were missing or incorrect. Ensure that you have set valid consumer key/secret, access token/secret, and the system clock is in sync.
<html>\n<head>\n<meta http-equiv="Content-Type" content="text/html; charset=utf-8"/>\n<title>Error 401 Unauthorized</title>
</head>
<body>
<h2>HTTP ERROR: 401</h2>
<p>Problem accessing '/1.1/statuses/filter.json'. Reason:
<pre>    Unauthorized</pre>
</body>
</html>

2021-10-25 00:25:00 [Twitter Stream consumer /  [1][Establishing connection]] INFO  twitter4j.TwitterStreamImpl - Waiting for 20000 milliseconds
2021-10-25 00:25:20 [Twitter Stream consumer /  [1][Waiting for 20000 milliseconds]] INFO  twitter4j.TwitterStreamImpl - Establishing connection.
2021-10-25 00:25:20 [Twitter Stream consumer /  [1][Establishing connection]] INFO  twitter4j.TwitterStreamImpl - 401:Authentication credentials (https://dev.twitter.com/pages/auth) were missing or incorrect. Ensure that you have set valid consumer key/secret, access token/secret, and the system clock is in sync.
<html>\n<head>\n<meta http-equiv="Content-Type" content="text/html; charset=utf-8"/>\n<title>Error 401 Unauthorized</title>
</head>
<body>
<h2>HTTP ERROR: 401</h2>
<p>Problem accessing '/1.1/statuses/filter.json'. Reason:
<pre>    Unauthorized</pre>
</body>
</html>

2021-10-25 00:25:20 [Twitter Stream consumer /  [1][Establishing connection]] INFO  twitter4j.TwitterStreamImpl - Waiting for 40000 milliseconds
2021-10-25 00:25:41 [SpringContextShutdownHook] INFO  c.m.d.t.t.k.s.r.i.TwitterKafkaStreamRunner - Closing twitter stream!
2021-10-25 00:25:41 [SpringContextShutdownHook] INFO  c.m.d.k.p.c.s.i.TwitterKafkaProducer - Closing kafka producer!
2021-10-25 00:25:48 [main] INFO  c.m.d.t.t.k.s.TwitterToKafkaServiceApplication - Starting TwitterToKafkaServiceApplication on WKMZT2752C34.global.publicisgroupe.net with PID 6598 (/Users/rahsahay/Downloads/microservices-demo (2)/twitter-to-kafka-service/target/classes started by rahsahay in /Users/rahsahay/Downloads/microservices-demo (2))
2021-10-25 00:25:48 [main] INFO  c.m.d.t.t.k.s.TwitterToKafkaServiceApplication - No active profile set, falling back to default profiles: default
2021-10-25 00:25:49 [main] INFO  o.a.k.c.admin.AdminClientConfig - AdminClientConfig values: 
	bootstrap.servers = [localhost:19092, localhost:29092, localhost:39092]
	client.dns.lookup = default
	client.id = 
	connections.max.idle.ms = 300000
	default.api.timeout.ms = 60000
	metadata.max.age.ms = 300000
	metric.reporters = []
	metrics.num.samples = 2
	metrics.recording.level = INFO
	metrics.sample.window.ms = 30000
	receive.buffer.bytes = 65536
	reconnect.backoff.max.ms = 1000
	reconnect.backoff.ms = 50
	request.timeout.ms = 30000
	retries = 2147483647
	retry.backoff.ms = 100
	sasl.client.callback.handler.class = null
	sasl.jaas.config = null
	sasl.kerberos.kinit.cmd = /usr/bin/kinit
	sasl.kerberos.min.time.before.relogin = 60000
	sasl.kerberos.service.name = null
	sasl.kerberos.ticket.renew.jitter = 0.05
	sasl.kerberos.ticket.renew.window.factor = 0.8
	sasl.login.callback.handler.class = null
	sasl.login.class = null
	sasl.login.refresh.buffer.seconds = 300
	sasl.login.refresh.min.period.seconds = 60
	sasl.login.refresh.window.factor = 0.8
	sasl.login.refresh.window.jitter = 0.05
	sasl.mechanism = GSSAPI
	security.protocol = PLAINTEXT
	security.providers = null
	send.buffer.bytes = 131072
	ssl.cipher.suites = null
	ssl.enabled.protocols = [TLSv1.2]
	ssl.endpoint.identification.algorithm = https
	ssl.key.password = null
	ssl.keymanager.algorithm = SunX509
	ssl.keystore.location = null
	ssl.keystore.password = null
	ssl.keystore.type = JKS
	ssl.protocol = TLSv1.2
	ssl.provider = null
	ssl.secure.random.implementation = null
	ssl.trustmanager.algorithm = PKIX
	ssl.truststore.location = null
	ssl.truststore.password = null
	ssl.truststore.type = JKS

2021-10-25 00:25:49 [main] INFO  o.a.kafka.common.utils.AppInfoParser - Kafka version: 2.5.1
2021-10-25 00:25:49 [main] INFO  o.a.kafka.common.utils.AppInfoParser - Kafka commitId: 0efa8fb0f4c73d92
2021-10-25 00:25:49 [main] INFO  o.a.kafka.common.utils.AppInfoParser - Kafka startTimeMs: 1635101749422
2021-10-25 00:25:49 [main] INFO  o.s.b.w.e.netty.NettyWebServer - Netty started on port(s): 8080
2021-10-25 00:25:49 [main] INFO  c.m.d.t.t.k.s.TwitterToKafkaServiceApplication - Started TwitterToKafkaServiceApplication in 1.238 seconds (JVM running for 1.665)
2021-10-25 00:25:49 [main] INFO  c.m.d.t.t.k.s.TwitterToKafkaServiceApplication - App starts...
2021-10-25 00:25:49 [main] INFO  c.m.d.k.a.client.KafkaAdminClient - Creating 1 topics(s), attempt 0
2021-10-25 00:25:49 [main] INFO  c.m.d.k.a.client.KafkaAdminClient - Create topic result [KafkaFuture{value=null,exception=null,done=false}]
2021-10-25 00:25:49 [main] INFO  c.m.d.k.a.client.KafkaAdminClient - Reading kafka topic [twitter-topic], attempt 0
2021-10-25 00:25:49 [main] INFO  c.m.d.t.t.k.s.i.i.KafkaStreamInitializer - Topics with name twitter-topic is ready for operations!
2021-10-25 00:25:49 [main] INFO  c.m.d.t.t.k.s.r.i.TwitterKafkaStreamRunner - Started filtering twitter stream for keywords [Java, Microservices, Kafka, Elasticsearch]
2021-10-25 00:25:49 [Twitter Stream consumer /  [1][initializing]] INFO  twitter4j.TwitterStreamImpl - Establishing connection.
2021-10-25 00:25:51 [Twitter Stream consumer /  [1][Establishing connection]] INFO  twitter4j.TwitterStreamImpl - Connection established.
2021-10-25 00:25:51 [Twitter Stream consumer /  [1][Establishing connection]] INFO  twitter4j.TwitterStreamImpl - Receiving status stream.
2021-10-25 00:25:51 [Twitter4J Async Dispatcher[0]] INFO  c.m.d.t.t.k.s.l.TwitterKafkaStatusListener - Received status text RT @AnimalPlanet: The Java mouse-deer is the smallest hoofed animal in the world. They grow to be up to 12 inches tall, and weigh up to 4 p… sending to kafka topic twitter-topic
2021-10-25 00:25:51 [Twitter4J Async Dispatcher[0]] INFO  c.m.d.k.p.c.s.i.TwitterKafkaProducer - Sending message='{"userId": 2598625021, "id": 1452348104393494536, "text": "RT @AnimalPlanet: The Java mouse-deer is the smallest hoofed animal in the world. They grow to be up to 12 inches tall, and weigh up to 4 p\u2026", "createdAt": 1635101746000}' to topic='twitter-topic'
2021-10-25 00:25:51 [Twitter4J Async Dispatcher[0]] INFO  o.a.k.c.producer.ProducerConfig - ProducerConfig values: 
	acks = -1
	batch.size = 1638400
	bootstrap.servers = [localhost:19092, localhost:29092, localhost:39092]
	buffer.memory = 33554432
	client.dns.lookup = default
	client.id = producer-1
	compression.type = snappy
	connections.max.idle.ms = 540000
	delivery.timeout.ms = 120000
	enable.idempotence = false
	interceptor.classes = []
	key.serializer = class org.apache.kafka.common.serialization.LongSerializer
	linger.ms = 5
	max.block.ms = 60000
	max.in.flight.requests.per.connection = 5
	max.request.size = 1048576
	metadata.max.age.ms = 300000
	metadata.max.idle.ms = 300000
	metric.reporters = []
	metrics.num.samples = 2
	metrics.recording.level = INFO
	metrics.sample.window.ms = 30000
	partitioner.class = class org.apache.kafka.clients.producer.internals.DefaultPartitioner
	receive.buffer.bytes = 32768
	reconnect.backoff.max.ms = 1000
	reconnect.backoff.ms = 50
	request.timeout.ms = 60000
	retries = 5
	retry.backoff.ms = 100
	sasl.client.callback.handler.class = null
	sasl.jaas.config = null
	sasl.kerberos.kinit.cmd = /usr/bin/kinit
	sasl.kerberos.min.time.before.relogin = 60000
	sasl.kerberos.service.name = null
	sasl.kerberos.ticket.renew.jitter = 0.05
	sasl.kerberos.ticket.renew.window.factor = 0.8
	sasl.login.callback.handler.class = null
	sasl.login.class = null
	sasl.login.refresh.buffer.seconds = 300
	sasl.login.refresh.min.period.seconds = 60
	sasl.login.refresh.window.factor = 0.8
	sasl.login.refresh.window.jitter = 0.05
	sasl.mechanism = GSSAPI
	security.protocol = PLAINTEXT
	security.providers = null
	send.buffer.bytes = 131072
	ssl.cipher.suites = null
	ssl.enabled.protocols = [TLSv1.2]
	ssl.endpoint.identification.algorithm = https
	ssl.key.password = null
	ssl.keymanager.algorithm = SunX509
	ssl.keystore.location = null
	ssl.keystore.password = null
	ssl.keystore.type = JKS
	ssl.protocol = TLSv1.2
	ssl.provider = null
	ssl.secure.random.implementation = null
	ssl.trustmanager.algorithm = PKIX
	ssl.truststore.location = null
	ssl.truststore.password = null
	ssl.truststore.type = JKS
	transaction.timeout.ms = 60000
	transactional.id = null
	value.serializer = class io.confluent.kafka.serializers.KafkaAvroSerializer

2021-10-25 00:25:51 [Twitter4J Async Dispatcher[0]] INFO  i.c.k.s.KafkaAvroSerializerConfig - KafkaAvroSerializerConfig values: 
	bearer.auth.token = [hidden]
	proxy.port = -1
	schema.reflection = false
	auto.register.schemas = true
	max.schemas.per.subject = 1000
	basic.auth.credentials.source = URL
	value.subject.name.strategy = class io.confluent.kafka.serializers.subject.TopicNameStrategy
	schema.registry.url = [http://localhost:8081]
	basic.auth.user.info = [hidden]
	proxy.host = 
	use.latest.version = false
	schema.registry.basic.auth.user.info = [hidden]
	bearer.auth.credentials.source = STATIC_TOKEN
	key.subject.name.strategy = class io.confluent.kafka.serializers.subject.TopicNameStrategy

2021-10-25 00:25:51 [Twitter4J Async Dispatcher[0]] WARN  o.a.k.c.producer.ProducerConfig - The configuration 'internal.auto.downgrade.txn.commit' was supplied but isn't a known config.
2021-10-25 00:25:51 [Twitter4J Async Dispatcher[0]] INFO  o.a.kafka.common.utils.AppInfoParser - Kafka version: 2.5.1
2021-10-25 00:25:51 [Twitter4J Async Dispatcher[0]] INFO  o.a.kafka.common.utils.AppInfoParser - Kafka commitId: 0efa8fb0f4c73d92
2021-10-25 00:25:51 [Twitter4J Async Dispatcher[0]] INFO  o.a.kafka.common.utils.AppInfoParser - Kafka startTimeMs: 1635101751427
2021-10-25 00:25:51 [kafka-producer-network-thread | producer-1] INFO  org.apache.kafka.clients.Metadata - [Producer clientId=producer-1] Cluster ID: QpFKz3owRaC9By5zp67oXQ
2021-10-25 00:25:52 [Twitter4J Async Dispatcher[0]] INFO  c.m.d.t.t.k.s.l.TwitterKafkaStatusListener - Received status text Now playing: Big Daddy And Red Hot Java - New Cadillac https://t.co/AmmScjFxok sending to kafka topic twitter-topic
2021-10-25 00:25:52 [Twitter4J Async Dispatcher[0]] INFO  c.m.d.k.p.c.s.i.TwitterKafkaProducer - Sending message='{"userId": 3311871105, "id": 1452348110932414473, "text": "Now playing: Big Daddy And Red Hot Java - New Cadillac https://t.co/AmmScjFxok", "createdAt": 1635101747000}' to topic='twitter-topic'
2021-10-25 00:25:57 [Twitter4J Async Dispatcher[0]] INFO  c.m.d.t.t.k.s.l.TwitterKafkaStatusListener - Received status text RT @Visual__Earth: La juventud es feliz porque tiene la capacidad de ver la belleza. Cualquiera que conserve la capacidad de ver la belleza… sending to kafka topic twitter-topic
2021-10-25 00:25:57 [Twitter4J Async Dispatcher[0]] INFO  c.m.d.k.p.c.s.i.TwitterKafkaProducer - Sending message='{"userId": 93946973, "id": 1452348132545601536, "text": "RT @Visual__Earth: La juventud es feliz porque tiene la capacidad de ver la belleza. Cualquiera que conserve la capacidad de ver la belleza\u2026", "createdAt": 1635101752000}' to topic='twitter-topic'
2021-10-25 00:26:07 [Twitter4J Async Dispatcher[0]] INFO  c.m.d.t.t.k.s.l.TwitterKafkaStatusListener - Received status text ランキング:33位「文房具・オフィス用品」(03:56)

ぺんてる ゲルインキボールペン エナージェル BLN73-A 0.3黒 10本

価格:￥528 - ￥2,364
レビュー数:337
https://t.co/5BzMBZdU4M sending to kafka topic twitter-topic
2021-10-25 00:26:07 [Twitter4J Async Dispatcher[0]] INFO  c.m.d.k.p.c.s.i.TwitterKafkaProducer - Sending message='{"userId": 2433651774, "id": 1452348171334537216, "text": "ランキング:33位「文房具・オフィス用品」(03:56)\n\nぺんてる ゲルインキボールペン エナージェル BLN73-A 0.3黒 10本\n\n価格:￥528 - ￥2,364\nレビュー数:337\nhttps://t.co/5BzMBZdU4M", "createdAt": 1635101762000}' to topic='twitter-topic'
2021-10-25 00:26:08 [Twitter4J Async Dispatcher[0]] INFO  c.m.d.t.t.k.s.l.TwitterKafkaStatusListener - Received status text #cilacapexpo Cilacap to be Singapore of Java Menarik Pengunjung https://t.co/MoN0aMkQDP sending to kafka topic twitter-topic
2021-10-25 00:26:08 [Twitter4J Async Dispatcher[0]] INFO  c.m.d.k.p.c.s.i.TwitterKafkaProducer - Sending message='{"userId": 943836347894079488, "id": 1452348175780515840, "text": "#cilacapexpo Cilacap to be Singapore of Java Menarik Pengunjung https://t.co/MoN0aMkQDP", "createdAt": 1635101763000}' to topic='twitter-topic'
2021-10-25 00:26:13 [Twitter4J Async Dispatcher[0]] INFO  c.m.d.t.t.k.s.l.TwitterKafkaStatusListener - Received status text RT @enesyrtc_: "Olmamasına razıyım. Oluyormuş gibi olmasın yeter."

Franz Kafka sending to kafka topic twitter-topic
2021-10-25 00:26:13 [Twitter4J Async Dispatcher[0]] INFO  c.m.d.k.p.c.s.i.TwitterKafkaProducer - Sending message='{"userId": 1261954909974466560, "id": 1452348196831760387, "text": "RT @enesyrtc_: \"Olmamasına razıyım. Oluyormuş gibi olmasın yeter.\"\n\nFranz Kafka", "createdAt": 1635101768000}' to topic='twitter-topic'
2021-10-25 00:26:21 [Twitter4J Async Dispatcher[0]] INFO  c.m.d.t.t.k.s.l.TwitterKafkaStatusListener - Received status text Tak da hi java 🙃
Ena tenu chava ❤️
Najra tere to na hata wa main👀❣️ sending to kafka topic twitter-topic
2021-10-25 00:26:21 [Twitter4J Async Dispatcher[0]] INFO  c.m.d.k.p.c.s.i.TwitterKafkaProducer - Sending message='{"userId": 1446773229490638855, "id": 1452348232252608512, "text": "Tak da hi java 🙃\nEna tenu chava ❤️\nNajra tere to na hata wa main👀❣️", "createdAt": 1635101776000}' to topic='twitter-topic'
2021-10-25 00:26:26 [Twitter4J Async Dispatcher[0]] INFO  c.m.d.t.t.k.s.l.TwitterKafkaStatusListener - Received status text RT @Swift_essay: Let me write yo' essay & research papers
#Serverless #Coding #ReactJS
#BigData #Analytics #DataScience #AI #MachineLearnin… sending to kafka topic twitter-topic
2021-10-25 00:26:26 [Twitter4J Async Dispatcher[0]] INFO  c.m.d.k.p.c.s.i.TwitterKafkaProducer - Sending message='{"userId": 1403020350871400451, "id": 1452348253928820741, "text": "RT @Swift_essay: Let me write yo' essay & research papers\n#Serverless #Coding #ReactJS\n#BigData #Analytics #DataScience #AI #MachineLearnin\u2026", "createdAt": 1635101781000}' to topic='twitter-topic'
2021-10-25 00:26:28 [Twitter4J Async Dispatcher[0]] INFO  c.m.d.t.t.k.s.l.TwitterKafkaStatusListener - Received status text RT @Functionalworks: Sr. dev working on building data pipelines for our microservice based SaaS platform

Check out this Remote Senior Scal… sending to kafka topic twitter-topic
2021-10-25 00:26:28 [Twitter4J Async Dispatcher[0]] INFO  c.m.d.k.p.c.s.i.TwitterKafkaProducer - Sending message='{"userId": 1255022272412172288, "id": 1452348262158061579, "text": "RT @Functionalworks: Sr. dev working on building data pipelines for our microservice based SaaS platform\n\nCheck out this Remote Senior Scal\u2026", "createdAt": 1635101783000}' to topic='twitter-topic'
2021-10-25 00:26:32 [Twitter4J Async Dispatcher[0]] INFO  c.m.d.t.t.k.s.l.TwitterKafkaStatusListener - Received status text @sleepyNuigurumi Yeah, but that's Java.
I'm working on Bedrock. sending to kafka topic twitter-topic
2021-10-25 00:26:32 [Twitter4J Async Dispatcher[0]] INFO  c.m.d.k.p.c.s.i.TwitterKafkaProducer - Sending message='{"userId": 2429573028, "id": 1452348278893285377, "text": "@sleepyNuigurumi Yeah, but that's Java.\nI'm working on Bedrock.", "createdAt": 1635101787000}' to topic='twitter-topic'
2021-10-25 00:26:35 [Twitter4J Async Dispatcher[0]] INFO  c.m.d.t.t.k.s.l.TwitterKafkaStatusListener - Received status text RT @Swift_essay: Let me write yo' essay & research papers
#Serverless #Coding #ReactJS
#BigData #Analytics #DataScience #AI #MachineLearnin… sending to kafka topic twitter-topic
2021-10-25 00:26:35 [Twitter4J Async Dispatcher[0]] INFO  c.m.d.k.p.c.s.i.TwitterKafkaProducer - Sending message='{"userId": 1398866593237508100, "id": 1452348288414404610, "text": "RT @Swift_essay: Let me write yo' essay & research papers\n#Serverless #Coding #ReactJS\n#BigData #Analytics #DataScience #AI #MachineLearnin\u2026", "createdAt": 1635101789000}' to topic='twitter-topic'
2021-10-25 00:26:35 [Twitter4J Async Dispatcher[0]] INFO  c.m.d.t.t.k.s.l.TwitterKafkaStatusListener - Received status text RT @Grepnetics: My 60g Golden Teacher #developer #css #java #software
#javascript
#Python
#DataScience
#DEVCommunity
#100DaysOfCode
#Machin… sending to kafka topic twitter-topic
2021-10-25 00:26:35 [Twitter4J Async Dispatcher[0]] INFO  c.m.d.k.p.c.s.i.TwitterKafkaProducer - Sending message='{"userId": 1398866593237508100, "id": 1452348288439554056, "text": "RT @Grepnetics: My 60g Golden Teacher #developer #css #java #software\n#javascript\n#Python\n#DataScience\n#DEVCommunity\n#100DaysOfCode\n#Machin\u2026", "createdAt": 1635101789000}' to topic='twitter-topic'
2021-10-25 00:26:35 [Twitter4J Async Dispatcher[0]] INFO  c.m.d.t.t.k.s.l.TwitterKafkaStatusListener - Received status text RT @tushar06041999: Different Applied programme Interface methods in JS.

#PHP #JavaScript #perl #XML #web #frontend #backend
#python #java… sending to kafka topic twitter-topic
2021-10-25 00:26:35 [Twitter4J Async Dispatcher[0]] INFO  c.m.d.k.p.c.s.i.TwitterKafkaProducer - Sending message='{"userId": 1398866593237508100, "id": 1452348288494194691, "text": "RT @tushar06041999: Different Applied programme Interface methods in JS.\n\n#PHP #JavaScript #perl #XML #web #frontend #backend\n#python #java\u2026", "createdAt": 1635101789000}' to topic='twitter-topic'
2021-10-25 00:26:35 [Twitter4J Async Dispatcher[0]] INFO  c.m.d.t.t.k.s.l.TwitterKafkaStatusListener - Received status text RT @mytrashcode: No. 1520 programming meme #programmingjoke #code #coding #javascript #python #datascience #programming #programmer #joke #… sending to kafka topic twitter-topic
2021-10-25 00:26:35 [Twitter4J Async Dispatcher[0]] INFO  c.m.d.k.p.c.s.i.TwitterKafkaProducer - Sending message='{"userId": 1398866593237508100, "id": 1452348288531849226, "text": "RT @mytrashcode: No. 1520 programming meme #programmingjoke #code #coding #javascript #python #datascience #programming #programmer #joke #\u2026", "createdAt": 1635101789000}' to topic='twitter-topic'
2021-10-25 00:26:35 [Twitter4J Async Dispatcher[0]] INFO  c.m.d.t.t.k.s.l.TwitterKafkaStatusListener - Received status text RT @proo_eng1: المساعدة في حل واجبات#البرمجة #IT
#مشاريع_التخرج #واجبات #شبكات
#مشاريع_تخرج #أسايمنت #حاسب #computer #مبرمج #java #Flutter… sending to kafka topic twitter-topic
2021-10-25 00:26:35 [Twitter4J Async Dispatcher[0]] INFO  c.m.d.k.p.c.s.i.TwitterKafkaProducer - Sending message='{"userId": 1398866593237508100, "id": 1452348288494100482, "text": "RT @proo_eng1: المساعدة في حل واجبات#البرمجة #IT\n#مشاريع_التخرج #واجبات #شبكات\n#مشاريع_تخرج #أسايمنت #حاسب #computer #مبرمج #java #Flutter\u2026", "createdAt": 1635101789000}' to topic='twitter-topic'
2021-10-25 00:26:35 [Twitter4J Async Dispatcher[0]] INFO  c.m.d.t.t.k.s.l.TwitterKafkaStatusListener - Received status text RT @MdNureA39816744: #coloringpages #artwork #MachineLearning #CyberSecurity #Python #JavaScript #CloudComputing #Serverless #Linux #databa… sending to kafka topic twitter-topic
2021-10-25 00:26:35 [Twitter4J Async Dispatcher[0]] INFO  c.m.d.k.p.c.s.i.TwitterKafkaProducer - Sending message='{"userId": 1398866593237508100, "id": 1452348288448049154, "text": "RT @MdNureA39816744: #coloringpages #artwork #MachineLearning #CyberSecurity #Python #JavaScript #CloudComputing #Serverless #Linux #databa\u2026", "createdAt": 1635101789000}' to topic='twitter-topic'
2021-10-25 00:26:37 [Twitter4J Async Dispatcher[0]] INFO  c.m.d.t.t.k.s.l.TwitterKafkaStatusListener - Received status text RT @Nur_aldem: Yaşamın bana verdiği iki ders; çevreni gittikçe daralt, gereksiz kalabalıkların seni üzmesine izin verme.… sending to kafka topic twitter-topic
2021-10-25 00:26:37 [Twitter4J Async Dispatcher[0]] INFO  c.m.d.k.p.c.s.i.TwitterKafkaProducer - Sending message='{"userId": 1428707068844855304, "id": 1452348297994199040, "text": "RT @Nur_aldem: Yaşamın bana verdiği iki ders; çevreni gittikçe daralt, gereksiz kalabalıkların seni üzmesine izin verme.\u2026", "createdAt": 1635101792000}' to topic='twitter-topic'
2021-10-25 00:26:37 [Twitter4J Async Dispatcher[0]] INFO  c.m.d.t.t.k.s.l.TwitterKafkaStatusListener - Received status text RT @kitapaIintisi: “Ne söyleyeceğim belli de, nasıl söyleyeceğimi bilmiyorum.”

• Franz Kafka sending to kafka topic twitter-topic
2021-10-25 00:26:37 [Twitter4J Async Dispatcher[0]] INFO  c.m.d.k.p.c.s.i.TwitterKafkaProducer - Sending message='{"userId": 1627162752, "id": 1452348298765996035, "text": "RT @kitapaIintisi: \u201CNe söyleyeceğim belli de, nasıl söyleyeceğimi bilmiyorum.\u201D\n\n\u2022 Franz Kafka", "createdAt": 1635101792000}' to topic='twitter-topic'
2021-10-25 00:26:37 [Twitter4J Async Dispatcher[0]] INFO  c.m.d.t.t.k.s.l.TwitterKafkaStatusListener - Received status text RT @iyi_psikoloji: Franz Kafka yakın arkadaşıyla tatsız bir olay yaşadıktan sonra şu muhteşem cümleyi kuruyor: "Beni üzecek gücü sana verdi… sending to kafka topic twitter-topic
2021-10-25 00:26:37 [Twitter4J Async Dispatcher[0]] INFO  c.m.d.k.p.c.s.i.TwitterKafkaProducer - Sending message='{"userId": 2254138192, "id": 1452348299659386887, "text": "RT @iyi_psikoloji: Franz Kafka yakın arkadaşıyla tatsız bir olay yaşadıktan sonra şu muhteşem cümleyi kuruyor: \"Beni üzecek gücü sana verdi\u2026", "createdAt": 1635101792000}' to topic='twitter-topic'
2021-10-25 00:26:44 [Twitter4J Async Dispatcher[0]] INFO  c.m.d.t.t.k.s.l.TwitterKafkaStatusListener - Received status text RT @Nur_aldem: Yaşamın bana verdiği iki ders; çevreni gittikçe daralt, gereksiz kalabalıkların seni üzmesine izin verme.… sending to kafka topic twitter-topic
2021-10-25 00:26:44 [Twitter4J Async Dispatcher[0]] INFO  c.m.d.k.p.c.s.i.TwitterKafkaProducer - Sending message='{"userId": 1428707068844855304, "id": 1452348326096117767, "text": "RT @Nur_aldem: Yaşamın bana verdiği iki ders; çevreni gittikçe daralt, gereksiz kalabalıkların seni üzmesine izin verme.\u2026", "createdAt": 1635101798000}' to topic='twitter-topic'
2021-10-25 00:26:47 [SpringContextShutdownHook] INFO  c.m.d.t.t.k.s.r.i.TwitterKafkaStreamRunner - Closing twitter stream!
2021-10-25 00:26:48 [SpringContextShutdownHook] INFO  c.m.d.k.p.c.s.i.TwitterKafkaProducer - Closing kafka producer!
2021-10-25 00:26:48 [SpringContextShutdownHook] INFO  o.a.k.clients.producer.KafkaProducer - [Producer clientId=producer-1] Closing the Kafka producer with timeoutMillis = 30000 ms.
2021-10-25 01:30:48 [main] INFO  c.m.d.t.t.k.s.TwitterToKafkaServiceApplication - Starting TwitterToKafkaServiceApplication on WKMZT2752C34.global.publicisgroupe.net with PID 7444 (/Users/rahsahay/Downloads/microservices-demo (2)/twitter-to-kafka-service/target/classes started by rahsahay in /Users/rahsahay/Downloads/microservices-demo (2))
2021-10-25 01:30:48 [main] INFO  c.m.d.t.t.k.s.TwitterToKafkaServiceApplication - No active profile set, falling back to default profiles: default
2021-10-25 01:30:48 [main] INFO  o.a.k.c.admin.AdminClientConfig - AdminClientConfig values: 
	bootstrap.servers = [localhost:19092, localhost:29092, localhost:39092]
	client.dns.lookup = default
	client.id = 
	connections.max.idle.ms = 300000
	default.api.timeout.ms = 60000
	metadata.max.age.ms = 300000
	metric.reporters = []
	metrics.num.samples = 2
	metrics.recording.level = INFO
	metrics.sample.window.ms = 30000
	receive.buffer.bytes = 65536
	reconnect.backoff.max.ms = 1000
	reconnect.backoff.ms = 50
	request.timeout.ms = 30000
	retries = 2147483647
	retry.backoff.ms = 100
	sasl.client.callback.handler.class = null
	sasl.jaas.config = null
	sasl.kerberos.kinit.cmd = /usr/bin/kinit
	sasl.kerberos.min.time.before.relogin = 60000
	sasl.kerberos.service.name = null
	sasl.kerberos.ticket.renew.jitter = 0.05
	sasl.kerberos.ticket.renew.window.factor = 0.8
	sasl.login.callback.handler.class = null
	sasl.login.class = null
	sasl.login.refresh.buffer.seconds = 300
	sasl.login.refresh.min.period.seconds = 60
	sasl.login.refresh.window.factor = 0.8
	sasl.login.refresh.window.jitter = 0.05
	sasl.mechanism = GSSAPI
	security.protocol = PLAINTEXT
	security.providers = null
	send.buffer.bytes = 131072
	ssl.cipher.suites = null
	ssl.enabled.protocols = [TLSv1.2]
	ssl.endpoint.identification.algorithm = https
	ssl.key.password = null
	ssl.keymanager.algorithm = SunX509
	ssl.keystore.location = null
	ssl.keystore.password = null
	ssl.keystore.type = JKS
	ssl.protocol = TLSv1.2
	ssl.provider = null
	ssl.secure.random.implementation = null
	ssl.trustmanager.algorithm = PKIX
	ssl.truststore.location = null
	ssl.truststore.password = null
	ssl.truststore.type = JKS

2021-10-25 01:30:48 [main] INFO  o.a.kafka.common.utils.AppInfoParser - Kafka version: 2.5.1
2021-10-25 01:30:48 [main] INFO  o.a.kafka.common.utils.AppInfoParser - Kafka commitId: 0efa8fb0f4c73d92
2021-10-25 01:30:48 [main] INFO  o.a.kafka.common.utils.AppInfoParser - Kafka startTimeMs: 1635105648694
2021-10-25 01:30:49 [main] INFO  o.s.b.w.e.netty.NettyWebServer - Netty started on port(s): 8080
2021-10-25 01:30:49 [main] INFO  c.m.d.t.t.k.s.TwitterToKafkaServiceApplication - Started TwitterToKafkaServiceApplication in 1.18 seconds (JVM running for 31.62)
2021-10-25 01:30:49 [main] INFO  c.m.d.t.t.k.s.TwitterToKafkaServiceApplication - App starts...
2021-10-25 01:30:49 [main] INFO  c.m.d.k.a.client.KafkaAdminClient - Creating 1 topics(s), attempt 0
2021-10-25 01:30:49 [main] INFO  c.m.d.k.a.client.KafkaAdminClient - Create topic result [KafkaFuture{value=null,exception=null,done=false}]
2021-10-25 01:30:49 [main] INFO  c.m.d.k.a.client.KafkaAdminClient - Reading kafka topic [twitter-topic], attempt 0
2021-10-25 01:30:49 [main] INFO  c.m.d.t.t.k.s.i.i.KafkaStreamInitializer - Topics with name twitter-topic is ready for operations!
2021-10-25 01:30:49 [main] INFO  c.m.d.t.t.k.s.r.i.TwitterKafkaStreamRunner - Started filtering twitter stream for keywords [Java, Microservices, Kafka, Elasticsearch]
2021-10-25 01:30:49 [Twitter Stream consumer /  [1][initializing]] INFO  twitter4j.TwitterStreamImpl - Establishing connection.
2021-10-25 01:30:50 [Twitter Stream consumer /  [1][Establishing connection]] INFO  twitter4j.TwitterStreamImpl - Connection established.
2021-10-25 01:30:50 [Twitter Stream consumer /  [1][Establishing connection]] INFO  twitter4j.TwitterStreamImpl - Receiving status stream.
2021-10-25 01:30:50 [Twitter4J Async Dispatcher[0]] INFO  c.m.d.t.t.k.s.l.TwitterKafkaStatusListener - Received status text RT @Udemy_Coupons1: Performance Management Course
https://t.co/c3fCQbesu5

#MachineLearning. #BigData #Analytics #DataScience #AI #IoT #IIo… sending to kafka topic twitter-topic
2021-10-25 01:30:50 [Twitter4J Async Dispatcher[0]] INFO  c.m.d.k.p.c.s.i.TwitterKafkaProducer - Sending message='{"userId": 1313328500686815233, "id": 1452364459922452482, "text": "RT @Udemy_Coupons1: Performance Management Course\nhttps://t.co/c3fCQbesu5\n\n#MachineLearning. #BigData #Analytics #DataScience #AI #IoT #IIo\u2026", "createdAt": 1635105645000}' to topic='twitter-topic'
2021-10-25 01:30:50 [Twitter4J Async Dispatcher[0]] INFO  o.a.k.c.producer.ProducerConfig - ProducerConfig values: 
	acks = -1
	batch.size = 1638400
	bootstrap.servers = [localhost:19092, localhost:29092, localhost:39092]
	buffer.memory = 33554432
	client.dns.lookup = default
	client.id = producer-1
	compression.type = snappy
	connections.max.idle.ms = 540000
	delivery.timeout.ms = 120000
	enable.idempotence = false
	interceptor.classes = []
	key.serializer = class org.apache.kafka.common.serialization.LongSerializer
	linger.ms = 5
	max.block.ms = 60000
	max.in.flight.requests.per.connection = 5
	max.request.size = 1048576
	metadata.max.age.ms = 300000
	metadata.max.idle.ms = 300000
	metric.reporters = []
	metrics.num.samples = 2
	metrics.recording.level = INFO
	metrics.sample.window.ms = 30000
	partitioner.class = class org.apache.kafka.clients.producer.internals.DefaultPartitioner
	receive.buffer.bytes = 32768
	reconnect.backoff.max.ms = 1000
	reconnect.backoff.ms = 50
	request.timeout.ms = 60000
	retries = 5
	retry.backoff.ms = 100
	sasl.client.callback.handler.class = null
	sasl.jaas.config = null
	sasl.kerberos.kinit.cmd = /usr/bin/kinit
	sasl.kerberos.min.time.before.relogin = 60000
	sasl.kerberos.service.name = null
	sasl.kerberos.ticket.renew.jitter = 0.05
	sasl.kerberos.ticket.renew.window.factor = 0.8
	sasl.login.callback.handler.class = null
	sasl.login.class = null
	sasl.login.refresh.buffer.seconds = 300
	sasl.login.refresh.min.period.seconds = 60
	sasl.login.refresh.window.factor = 0.8
	sasl.login.refresh.window.jitter = 0.05
	sasl.mechanism = GSSAPI
	security.protocol = PLAINTEXT
	security.providers = null
	send.buffer.bytes = 131072
	ssl.cipher.suites = null
	ssl.enabled.protocols = [TLSv1.2]
	ssl.endpoint.identification.algorithm = https
	ssl.key.password = null
	ssl.keymanager.algorithm = SunX509
	ssl.keystore.location = null
	ssl.keystore.password = null
	ssl.keystore.type = JKS
	ssl.protocol = TLSv1.2
	ssl.provider = null
	ssl.secure.random.implementation = null
	ssl.trustmanager.algorithm = PKIX
	ssl.truststore.location = null
	ssl.truststore.password = null
	ssl.truststore.type = JKS
	transaction.timeout.ms = 60000
	transactional.id = null
	value.serializer = class io.confluent.kafka.serializers.KafkaAvroSerializer

2021-10-25 01:30:50 [Twitter4J Async Dispatcher[0]] INFO  i.c.k.s.KafkaAvroSerializerConfig - KafkaAvroSerializerConfig values: 
	bearer.auth.token = [hidden]
	proxy.port = -1
	schema.reflection = false
	auto.register.schemas = true
	max.schemas.per.subject = 1000
	basic.auth.credentials.source = URL
	value.subject.name.strategy = class io.confluent.kafka.serializers.subject.TopicNameStrategy
	schema.registry.url = [http://localhost:8081]
	basic.auth.user.info = [hidden]
	proxy.host = 
	use.latest.version = false
	schema.registry.basic.auth.user.info = [hidden]
	bearer.auth.credentials.source = STATIC_TOKEN
	key.subject.name.strategy = class io.confluent.kafka.serializers.subject.TopicNameStrategy

2021-10-25 01:30:50 [Twitter4J Async Dispatcher[0]] WARN  o.a.k.c.producer.ProducerConfig - The configuration 'internal.auto.downgrade.txn.commit' was supplied but isn't a known config.
2021-10-25 01:30:50 [Twitter4J Async Dispatcher[0]] INFO  o.a.kafka.common.utils.AppInfoParser - Kafka version: 2.5.1
2021-10-25 01:30:50 [Twitter4J Async Dispatcher[0]] INFO  o.a.kafka.common.utils.AppInfoParser - Kafka commitId: 0efa8fb0f4c73d92
2021-10-25 01:30:50 [Twitter4J Async Dispatcher[0]] INFO  o.a.kafka.common.utils.AppInfoParser - Kafka startTimeMs: 1635105650884
2021-10-25 01:30:50 [kafka-producer-network-thread | producer-1] INFO  org.apache.kafka.clients.Metadata - [Producer clientId=producer-1] Cluster ID: 0w0XGXfgQa6PZLUbIYEU7g
2021-10-25 01:30:51 [Twitter4J Async Dispatcher[0]] INFO  c.m.d.t.t.k.s.l.TwitterKafkaStatusListener - Received status text RT @Khulood_Almani: The4⃣Step #Framework to Testing your #IoT Solutions

👉https://t.co/Aodd17pNmG

#DataScience #BigData #DigitaMarketing #… sending to kafka topic twitter-topic
2021-10-25 01:30:51 [Twitter4J Async Dispatcher[0]] INFO  c.m.d.k.p.c.s.i.TwitterKafkaProducer - Sending message='{"userId": 1452246467096285193, "id": 1452364459998072833, "text": "RT @Khulood_Almani: The4\u20E3Step #Framework to Testing your #IoT Solutions\n\n👉https://t.co/Aodd17pNmG\n\n#DataScience #BigData #DigitaMarketing #\u2026", "createdAt": 1635105645000}' to topic='twitter-topic'
2021-10-25 01:30:51 [Twitter4J Async Dispatcher[0]] INFO  c.m.d.t.t.k.s.l.TwitterKafkaStatusListener - Received status text RT @enjazcenter: #شي_ما_قدرت_تنساه #كاريزما78 
#java
#cpp
#python
#Accounting
#Math
#Stat
#physics
#finance
#chemistry
#calculus
#KAU
#SEU… sending to kafka topic twitter-topic
2021-10-25 01:30:51 [Twitter4J Async Dispatcher[0]] INFO  c.m.d.k.p.c.s.i.TwitterKafkaProducer - Sending message='{"userId": 1313328500686815233, "id": 1452364460442591232, "text": "RT @enjazcenter: #شي_ما_قدرت_تنساه #كاريزما78 \n#java\n#cpp\n#python\n#Accounting\n#Math\n#Stat\n#physics\n#finance\n#chemistry\n#calculus\n#KAU\n#SEU\u2026", "createdAt": 1635105645000}' to topic='twitter-topic'
2021-10-25 01:30:51 [Twitter4J Async Dispatcher[0]] INFO  c.m.d.t.t.k.s.l.TwitterKafkaStatusListener - Received status text RT @its___Denise: https://t.co/iWzjDw6vXk

#WomenWhoCode #javascript #GirlsWhoCode #Ronaldo #messi #PyTorch #NFT #Python #programming #proj… sending to kafka topic twitter-topic
2021-10-25 01:30:51 [Twitter4J Async Dispatcher[0]] INFO  c.m.d.k.p.c.s.i.TwitterKafkaProducer - Sending message='{"userId": 1313328500686815233, "id": 1452364460379697153, "text": "RT @its___Denise: https://t.co/iWzjDw6vXk\n\n#WomenWhoCode #javascript #GirlsWhoCode #Ronaldo #messi #PyTorch #NFT #Python #programming #proj\u2026", "createdAt": 1635105645000}' to topic='twitter-topic'
2021-10-25 01:30:51 [Twitter4J Async Dispatcher[0]] INFO  c.m.d.t.t.k.s.l.TwitterKafkaStatusListener - Received status text RT @Udemy_Coupons1: Facebook Ads & Instagram Ads 2022: Overcome Apple Apocalypto https://t.co/ndA7NwgDhU

#MachineLearning. #BigData #Analy… sending to kafka topic twitter-topic
2021-10-25 01:30:51 [Twitter4J Async Dispatcher[0]] INFO  c.m.d.k.p.c.s.i.TwitterKafkaProducer - Sending message='{"userId": 1313328500686815233, "id": 1452364460815896576, "text": "RT @Udemy_Coupons1: Facebook Ads & Instagram Ads 2022: Overcome Apple Apocalypto https://t.co/ndA7NwgDhU\n\n#MachineLearning. #BigData #Analy\u2026", "createdAt": 1635105645000}' to topic='twitter-topic'
2021-10-25 01:30:51 [Twitter4J Async Dispatcher[0]] INFO  c.m.d.t.t.k.s.l.TwitterKafkaStatusListener - Received status text RT @Udemy_Coupons1: Facebook Ads & Instagram Ads 2022: Overcome Apple Apocalypto https://t.co/ndA7NwgDhU

#MachineLearning. #BigData #Analy… sending to kafka topic twitter-topic
2021-10-25 01:30:51 [Twitter4J Async Dispatcher[0]] INFO  c.m.d.k.p.c.s.i.TwitterKafkaProducer - Sending message='{"userId": 1313328500686815233, "id": 1452364461033934848, "text": "RT @Udemy_Coupons1: Facebook Ads & Instagram Ads 2022: Overcome Apple Apocalypto https://t.co/ndA7NwgDhU\n\n#MachineLearning. #BigData #Analy\u2026", "createdAt": 1635105645000}' to topic='twitter-topic'
2021-10-25 01:30:51 [Twitter4J Async Dispatcher[0]] INFO  c.m.d.t.t.k.s.l.TwitterKafkaStatusListener - Received status text RT @KubernetesWorld: Cloud Run — Perfect fit for Small scale Microservices | by Meiyappan Kannappa | Oct, 2021 | Medium - https://t.co/MiqB… sending to kafka topic twitter-topic
2021-10-25 01:30:51 [Twitter4J Async Dispatcher[0]] INFO  c.m.d.k.p.c.s.i.TwitterKafkaProducer - Sending message='{"userId": 1425764869106585600, "id": 1452364462875455490, "text": "RT @KubernetesWorld: Cloud Run \u2014 Perfect fit for Small scale Microservices | by Meiyappan Kannappa | Oct, 2021 | Medium - https://t.co/MiqB\u2026", "createdAt": 1635105646000}' to topic='twitter-topic'
2021-10-25 01:30:56 [Twitter4J Async Dispatcher[0]] INFO  c.m.d.t.t.k.s.l.TwitterKafkaStatusListener - Received status text RT @its___Denise: https://t.co/iWzjDw6vXk

#WomenWhoCode #javascript #GirlsWhoCode #Ronaldo #messi #PyTorch #NFT #Python #programming #proj… sending to kafka topic twitter-topic
2021-10-25 01:30:56 [Twitter4J Async Dispatcher[0]] INFO  c.m.d.k.p.c.s.i.TwitterKafkaProducer - Sending message='{"userId": 1330350611796209666, "id": 1452364482764759048, "text": "RT @its___Denise: https://t.co/iWzjDw6vXk\n\n#WomenWhoCode #javascript #GirlsWhoCode #Ronaldo #messi #PyTorch #NFT #Python #programming #proj\u2026", "createdAt": 1635105650000}' to topic='twitter-topic'
2021-10-25 01:31:02 [Twitter4J Async Dispatcher[0]] INFO  c.m.d.t.t.k.s.l.TwitterKafkaStatusListener - Received status text RT @mytrashcode: No. 1523 programming meme #programmingjoke #code #coding #javascript #python #datascience #programming #programmer #joke #… sending to kafka topic twitter-topic
2021-10-25 01:31:02 [Twitter4J Async Dispatcher[0]] INFO  c.m.d.k.p.c.s.i.TwitterKafkaProducer - Sending message='{"userId": 1260015280048222208, "id": 1452364508907937799, "text": "RT @mytrashcode: No. 1523 programming meme #programmingjoke #code #coding #javascript #python #datascience #programming #programmer #joke #\u2026", "createdAt": 1635105657000}' to topic='twitter-topic'
2021-10-25 01:31:08 [Twitter4J Async Dispatcher[0]] INFO  c.m.d.t.t.k.s.l.TwitterKafkaStatusListener - Received status text RT @yersizkaranfil: Franz Kafka, Milena’ya Mektuplar kitabında şöyle diyor, “Pes ettiğimden değil, olmayacağını gözüme soka soka gösterdiği… sending to kafka topic twitter-topic
2021-10-25 01:31:08 [Twitter4J Async Dispatcher[0]] INFO  c.m.d.k.p.c.s.i.TwitterKafkaProducer - Sending message='{"userId": 1328807924156805124, "id": 1452364534165950471, "text": "RT @yersizkaranfil: Franz Kafka, Milena\u2019ya Mektuplar kitabında şöyle diyor, \u201CPes ettiğimden değil, olmayacağını gözüme soka soka gösterdiği\u2026", "createdAt": 1635105663000}' to topic='twitter-topic'
2021-10-25 01:31:15 [Twitter4J Async Dispatcher[0]] INFO  c.m.d.t.t.k.s.l.TwitterKafkaStatusListener - Received status text RT @Udemy_Coupons1: Facebook Ads & Instagram Ads 2022: Overcome Apple Apocalypto https://t.co/ndA7NwgDhU

#MachineLearning. #BigData #Analy… sending to kafka topic twitter-topic
2021-10-25 01:31:15 [Twitter4J Async Dispatcher[0]] INFO  c.m.d.k.p.c.s.i.TwitterKafkaProducer - Sending message='{"userId": 1281253609988997120, "id": 1452364565543534597, "text": "RT @Udemy_Coupons1: Facebook Ads & Instagram Ads 2022: Overcome Apple Apocalypto https://t.co/ndA7NwgDhU\n\n#MachineLearning. #BigData #Analy\u2026", "createdAt": 1635105670000}' to topic='twitter-topic'
2021-10-25 01:31:33 [Twitter4J Async Dispatcher[0]] INFO  c.m.d.t.t.k.s.l.TwitterKafkaStatusListener - Received status text @krak3n @matryer 🤮 might as well write java sending to kafka topic twitter-topic
2021-10-25 01:31:33 [Twitter4J Async Dispatcher[0]] INFO  c.m.d.k.p.c.s.i.TwitterKafkaProducer - Sending message='{"userId": 9864472, "id": 1452364639640211465, "text": "@krak3n @matryer 🤮 might as well write java", "createdAt": 1635105688000}' to topic='twitter-topic'
2021-10-25 01:31:38 [Twitter4J Async Dispatcher[0]] INFO  c.m.d.t.t.k.s.l.TwitterKafkaStatusListener - Received status text RT @mytrashcode: No. 1523 programming meme #programmingjoke #code #coding #javascript #python #datascience #programming #programmer #joke #… sending to kafka topic twitter-topic
2021-10-25 01:31:38 [Twitter4J Async Dispatcher[0]] INFO  c.m.d.k.p.c.s.i.TwitterKafkaProducer - Sending message='{"userId": 1281253609988997120, "id": 1452364658569064451, "text": "RT @mytrashcode: No. 1523 programming meme #programmingjoke #code #coding #javascript #python #datascience #programming #programmer #joke #\u2026", "createdAt": 1635105692000}' to topic='twitter-topic'
2021-10-25 01:31:40 [Twitter4J Async Dispatcher[0]] INFO  c.m.d.t.t.k.s.l.TwitterKafkaStatusListener - Received status text RT @iyi_psikoloji: Franz Kafka yakın arkadaşıyla tatsız bir olay yaşadıktan sonra şu muhteşem cümleyi kuruyor: "Beni üzecek gücü sana verdi… sending to kafka topic twitter-topic
2021-10-25 01:31:40 [Twitter4J Async Dispatcher[0]] INFO  c.m.d.k.p.c.s.i.TwitterKafkaProducer - Sending message='{"userId": 171906463, "id": 1452364667096031244, "text": "RT @iyi_psikoloji: Franz Kafka yakın arkadaşıyla tatsız bir olay yaşadıktan sonra şu muhteşem cümleyi kuruyor: \"Beni üzecek gücü sana verdi\u2026", "createdAt": 1635105694000}' to topic='twitter-topic'
2021-10-25 01:31:42 [Twitter4J Async Dispatcher[0]] INFO  c.m.d.t.t.k.s.l.TwitterKafkaStatusListener - Received status text #iyigeceler sending to kafka topic twitter-topic
2021-10-25 01:31:42 [Twitter4J Async Dispatcher[0]] INFO  c.m.d.k.p.c.s.i.TwitterKafkaProducer - Sending message='{"userId": 373292854, "id": 1452364676009021451, "text": "#iyigeceler", "createdAt": 1635105697000}' to topic='twitter-topic'
2021-10-25 01:31:46 [SpringContextShutdownHook] INFO  c.m.d.t.t.k.s.r.i.TwitterKafkaStreamRunner - Closing twitter stream!
2021-10-25 01:31:54 [SpringContextShutdownHook] INFO  c.m.d.k.p.c.s.i.TwitterKafkaProducer - Closing kafka producer!
2021-10-25 01:31:54 [SpringContextShutdownHook] INFO  o.a.k.clients.producer.KafkaProducer - [Producer clientId=producer-1] Closing the Kafka producer with timeoutMillis = 30000 ms.
2021-10-25 01:37:33 [main] INFO  c.m.d.t.t.k.s.TwitterToKafkaServiceApplication - Starting TwitterToKafkaServiceApplication on WKMZT2752C34.global.publicisgroupe.net with PID 7714 (/Users/rahsahay/Rahul/MyExperiments/Java/SpringBoot/microservices-demo/twitter-to-kafka-service/target/classes started by rahsahay in /Users/rahsahay/Rahul/MyExperiments/Java/SpringBoot/microservices-demo)
2021-10-25 01:37:33 [main] INFO  c.m.d.t.t.k.s.TwitterToKafkaServiceApplication - No active profile set, falling back to default profiles: default
2021-10-25 01:37:34 [main] INFO  o.a.k.c.admin.AdminClientConfig - AdminClientConfig values: 
	bootstrap.servers = [localhost:19092, localhost:29092, localhost:39092]
	client.dns.lookup = default
	client.id = 
	connections.max.idle.ms = 300000
	default.api.timeout.ms = 60000
	metadata.max.age.ms = 300000
	metric.reporters = []
	metrics.num.samples = 2
	metrics.recording.level = INFO
	metrics.sample.window.ms = 30000
	receive.buffer.bytes = 65536
	reconnect.backoff.max.ms = 1000
	reconnect.backoff.ms = 50
	request.timeout.ms = 30000
	retries = 2147483647
	retry.backoff.ms = 100
	sasl.client.callback.handler.class = null
	sasl.jaas.config = null
	sasl.kerberos.kinit.cmd = /usr/bin/kinit
	sasl.kerberos.min.time.before.relogin = 60000
	sasl.kerberos.service.name = null
	sasl.kerberos.ticket.renew.jitter = 0.05
	sasl.kerberos.ticket.renew.window.factor = 0.8
	sasl.login.callback.handler.class = null
	sasl.login.class = null
	sasl.login.refresh.buffer.seconds = 300
	sasl.login.refresh.min.period.seconds = 60
	sasl.login.refresh.window.factor = 0.8
	sasl.login.refresh.window.jitter = 0.05
	sasl.mechanism = GSSAPI
	security.protocol = PLAINTEXT
	security.providers = null
	send.buffer.bytes = 131072
	ssl.cipher.suites = null
	ssl.enabled.protocols = [TLSv1.2]
	ssl.endpoint.identification.algorithm = https
	ssl.key.password = null
	ssl.keymanager.algorithm = SunX509
	ssl.keystore.location = null
	ssl.keystore.password = null
	ssl.keystore.type = JKS
	ssl.protocol = TLSv1.2
	ssl.provider = null
	ssl.secure.random.implementation = null
	ssl.trustmanager.algorithm = PKIX
	ssl.truststore.location = null
	ssl.truststore.password = null
	ssl.truststore.type = JKS

2021-10-25 01:37:34 [main] INFO  o.a.kafka.common.utils.AppInfoParser - Kafka version: 2.5.1
2021-10-25 01:37:34 [main] INFO  o.a.kafka.common.utils.AppInfoParser - Kafka commitId: 0efa8fb0f4c73d92
2021-10-25 01:37:34 [main] INFO  o.a.kafka.common.utils.AppInfoParser - Kafka startTimeMs: 1635106054315
2021-10-25 01:37:34 [main] INFO  o.s.b.w.e.netty.NettyWebServer - Netty started on port(s): 8080
2021-10-25 01:37:34 [main] INFO  c.m.d.t.t.k.s.TwitterToKafkaServiceApplication - Started TwitterToKafkaServiceApplication in 0.986 seconds (JVM running for 31.453)
2021-10-25 01:37:34 [main] INFO  c.m.d.t.t.k.s.TwitterToKafkaServiceApplication - App starts...
2021-10-25 01:37:34 [main] INFO  c.m.d.k.a.client.KafkaAdminClient - Creating 1 topics(s), attempt 0
2021-10-25 01:37:34 [main] INFO  c.m.d.k.a.client.KafkaAdminClient - Create topic result [KafkaFuture{value=null,exception=null,done=false}]
2021-10-25 01:37:34 [main] INFO  c.m.d.k.a.client.KafkaAdminClient - Reading kafka topic [twitter-topic], attempt 0
2021-10-25 01:37:35 [main] INFO  c.m.d.t.t.k.s.i.i.KafkaStreamInitializer - Topics with name twitter-topic is ready for operations!
2021-10-25 01:37:35 [Twitter Stream consumer /  [1][initializing]] INFO  twitter4j.TwitterStreamImpl - Establishing connection.
2021-10-25 01:37:35 [main] INFO  c.m.d.t.t.k.s.r.i.TwitterKafkaStreamRunner - Started filtering twitter stream for keywords [Java, Microservices, Kafka, Elasticsearch]
2021-10-25 01:37:38 [Twitter Stream consumer /  [1][Establishing connection]] INFO  twitter4j.TwitterStreamImpl - Connection established.
2021-10-25 01:37:38 [Twitter Stream consumer /  [1][Establishing connection]] INFO  twitter4j.TwitterStreamImpl - Receiving status stream.
2021-10-25 01:37:38 [Twitter4J Async Dispatcher[0]] INFO  c.m.d.t.t.k.s.l.TwitterKafkaStatusListener - Received status text RT @___KROW: https://t.co/lo4oaNAIOn

#WomenWhoCode #javascript #GirlsWhoCode #Ronaldo #messi #PyTorch #NFT #Python #programming #project #… sending to kafka topic twitter-topic
2021-10-25 01:37:38 [Twitter4J Async Dispatcher[0]] INFO  c.m.d.k.p.c.s.i.TwitterKafkaProducer - Sending message='{"userId": 1109844789757906944, "id": 1452366169093115910, "text": "RT @___KROW: https://t.co/lo4oaNAIOn\n\n#WomenWhoCode #javascript #GirlsWhoCode #Ronaldo #messi #PyTorch #NFT #Python #programming #project #\u2026", "createdAt": 1635106053000}' to topic='twitter-topic'
2021-10-25 01:37:38 [Twitter4J Async Dispatcher[0]] INFO  o.a.k.c.producer.ProducerConfig - ProducerConfig values: 
	acks = -1
	batch.size = 1638400
	bootstrap.servers = [localhost:19092, localhost:29092, localhost:39092]
	buffer.memory = 33554432
	client.dns.lookup = default
	client.id = producer-1
	compression.type = snappy
	connections.max.idle.ms = 540000
	delivery.timeout.ms = 120000
	enable.idempotence = false
	interceptor.classes = []
	key.serializer = class org.apache.kafka.common.serialization.LongSerializer
	linger.ms = 5
	max.block.ms = 60000
	max.in.flight.requests.per.connection = 5
	max.request.size = 1048576
	metadata.max.age.ms = 300000
	metadata.max.idle.ms = 300000
	metric.reporters = []
	metrics.num.samples = 2
	metrics.recording.level = INFO
	metrics.sample.window.ms = 30000
	partitioner.class = class org.apache.kafka.clients.producer.internals.DefaultPartitioner
	receive.buffer.bytes = 32768
	reconnect.backoff.max.ms = 1000
	reconnect.backoff.ms = 50
	request.timeout.ms = 60000
	retries = 5
	retry.backoff.ms = 100
	sasl.client.callback.handler.class = null
	sasl.jaas.config = null
	sasl.kerberos.kinit.cmd = /usr/bin/kinit
	sasl.kerberos.min.time.before.relogin = 60000
	sasl.kerberos.service.name = null
	sasl.kerberos.ticket.renew.jitter = 0.05
	sasl.kerberos.ticket.renew.window.factor = 0.8
	sasl.login.callback.handler.class = null
	sasl.login.class = null
	sasl.login.refresh.buffer.seconds = 300
	sasl.login.refresh.min.period.seconds = 60
	sasl.login.refresh.window.factor = 0.8
	sasl.login.refresh.window.jitter = 0.05
	sasl.mechanism = GSSAPI
	security.protocol = PLAINTEXT
	security.providers = null
	send.buffer.bytes = 131072
	ssl.cipher.suites = null
	ssl.enabled.protocols = [TLSv1.2]
	ssl.endpoint.identification.algorithm = https
	ssl.key.password = null
	ssl.keymanager.algorithm = SunX509
	ssl.keystore.location = null
	ssl.keystore.password = null
	ssl.keystore.type = JKS
	ssl.protocol = TLSv1.2
	ssl.provider = null
	ssl.secure.random.implementation = null
	ssl.trustmanager.algorithm = PKIX
	ssl.truststore.location = null
	ssl.truststore.password = null
	ssl.truststore.type = JKS
	transaction.timeout.ms = 60000
	transactional.id = null
	value.serializer = class io.confluent.kafka.serializers.KafkaAvroSerializer

2021-10-25 01:37:38 [Twitter4J Async Dispatcher[0]] INFO  i.c.k.s.KafkaAvroSerializerConfig - KafkaAvroSerializerConfig values: 
	bearer.auth.token = [hidden]
	proxy.port = -1
	schema.reflection = false
	auto.register.schemas = true
	max.schemas.per.subject = 1000
	basic.auth.credentials.source = URL
	value.subject.name.strategy = class io.confluent.kafka.serializers.subject.TopicNameStrategy
	schema.registry.url = [http://localhost:8081]
	basic.auth.user.info = [hidden]
	proxy.host = 
	use.latest.version = false
	schema.registry.basic.auth.user.info = [hidden]
	bearer.auth.credentials.source = STATIC_TOKEN
	key.subject.name.strategy = class io.confluent.kafka.serializers.subject.TopicNameStrategy

2021-10-25 01:37:38 [Twitter4J Async Dispatcher[0]] WARN  o.a.k.c.producer.ProducerConfig - The configuration 'internal.auto.downgrade.txn.commit' was supplied but isn't a known config.
2021-10-25 01:37:38 [Twitter4J Async Dispatcher[0]] INFO  o.a.kafka.common.utils.AppInfoParser - Kafka version: 2.5.1
2021-10-25 01:37:38 [Twitter4J Async Dispatcher[0]] INFO  o.a.kafka.common.utils.AppInfoParser - Kafka commitId: 0efa8fb0f4c73d92
2021-10-25 01:37:38 [Twitter4J Async Dispatcher[0]] INFO  o.a.kafka.common.utils.AppInfoParser - Kafka startTimeMs: 1635106058456
2021-10-25 01:37:38 [kafka-producer-network-thread | producer-1] INFO  org.apache.kafka.clients.Metadata - [Producer clientId=producer-1] Cluster ID: Wagegox9TPCNBBw5L7Gh6g
2021-10-25 01:37:43 [Twitter4J Async Dispatcher[0]] INFO  c.m.d.t.t.k.s.l.TwitterKafkaStatusListener - Received status text El que Gana aquí pone la Java 🙄😅 y gano la Más Hueso Luisa https://t.co/a2e4L8nEOS sending to kafka topic twitter-topic
2021-10-25 01:37:43 [Twitter4J Async Dispatcher[0]] INFO  c.m.d.k.p.c.s.i.TwitterKafkaProducer - Sending message='{"userId": 269180782, "id": 1452366189519327235, "text": "El que Gana aquí pone la Java 🙄😅 y gano la Más Hueso Luisa https://t.co/a2e4L8nEOS", "createdAt": 1635106057000}' to topic='twitter-topic'
2021-10-25 01:37:43 [Twitter4J Async Dispatcher[0]] INFO  c.m.d.t.t.k.s.l.TwitterKafkaStatusListener - Received status text RT @___KROW: https://t.co/lo4oaNAIOn

#WomenWhoCode #javascript #GirlsWhoCode #Ronaldo #messi #PyTorch #NFT #Python #programming #project #… sending to kafka topic twitter-topic
2021-10-25 01:37:43 [Twitter4J Async Dispatcher[0]] INFO  c.m.d.k.p.c.s.i.TwitterKafkaProducer - Sending message='{"userId": 1448950105059598336, "id": 1452366191947780096, "text": "RT @___KROW: https://t.co/lo4oaNAIOn\n\n#WomenWhoCode #javascript #GirlsWhoCode #Ronaldo #messi #PyTorch #NFT #Python #programming #project #\u2026", "createdAt": 1635106058000}' to topic='twitter-topic'
2021-10-25 01:37:44 [Twitter4J Async Dispatcher[0]] INFO  c.m.d.t.t.k.s.l.TwitterKafkaStatusListener - Received status text Another LGBTQ hero we should all know about. 

#DBP4D
#LGBTQIAicons 🏳️‍🌈
#VetsResist 
#ResistanceUnited sending to kafka topic twitter-topic
2021-10-25 01:37:44 [Twitter4J Async Dispatcher[0]] INFO  c.m.d.k.p.c.s.i.TwitterKafkaProducer - Sending message='{"userId": 758386615748263936, "id": 1452366195018117126, "text": "Another LGBTQ hero we should all know about. \n\n#DBP4D\n#LGBTQIAicons 🏳️\u200D🌈\n#VetsResist \n#ResistanceUnited", "createdAt": 1635106059000}' to topic='twitter-topic'
2021-10-25 01:37:44 [Twitter4J Async Dispatcher[0]] INFO  c.m.d.t.t.k.s.l.TwitterKafkaStatusListener - Received status text what's the title of the Kafka story about the guy who wakes up at 4am and and his brain won't let him go back to sleep until he remembers all of the scientific names for insect anatomy he learned in high school, because i'm living in that one sending to kafka topic twitter-topic
2021-10-25 01:37:44 [Twitter4J Async Dispatcher[0]] INFO  c.m.d.k.p.c.s.i.TwitterKafkaProducer - Sending message='{"userId": 713751978426441728, "id": 1452366196188360706, "text": "what's the title of the Kafka story about the guy who wakes up at 4am and and his brain won't let him go back to sleep until he remembers all of the scientific names for insect anatomy he learned in high school, because i'm living in that one", "createdAt": 1635106059000}' to topic='twitter-topic'
2021-10-25 01:38:02 [Twitter4J Async Dispatcher[0]] INFO  c.m.d.t.t.k.s.l.TwitterKafkaStatusListener - Received status text #OleOutNow #Mo_salah
حل الواجبات البرمجية بكفاءه 
واجبات ومشاريع لكل من:
#بايثون
#Java 
#php
#HTML 
#Android 
#Website  
#جامعه_البحرين 
#javascript 
#Python 
#مشاريع_تخرج
#جامعة_الكويت
#جامعة_طيبة
#جامعة_الملك_سعود
#جامعة_الملك_عبدالعزيز https://t.co/JMR5dBajLl sending to kafka topic twitter-topic
2021-10-25 01:38:02 [Twitter4J Async Dispatcher[0]] INFO  c.m.d.k.p.c.s.i.TwitterKafkaProducer - Sending message='{"userId": 1407677570355707908, "id": 1452366271798988809, "text": "#OleOutNow #Mo_salah\nحل الواجبات البرمجية بكفاءه \nواجبات ومشاريع لكل من:\n#بايثون\n#Java \n#php\n#HTML \n#Android \n#Website  \n#جامعه_البحرين \n#javascript \n#Python \n#مشاريع_تخرج\n#جامعة_الكويت\n#جامعة_طيبة\n#جامعة_الملك_سعود\n#جامعة_الملك_عبدالعزيز https://t.co/JMR5dBajLl", "createdAt": 1635106077000}' to topic='twitter-topic'
2021-10-25 01:38:06 [Twitter4J Async Dispatcher[0]] INFO  c.m.d.t.t.k.s.l.TwitterKafkaStatusListener - Received status text RT @leongibi: Franz Kafka’nın da dediği gibi ‘’pek çok şeyin bambaşka olmasını isterdim.’’ sending to kafka topic twitter-topic
2021-10-25 01:38:06 [Twitter4J Async Dispatcher[0]] INFO  c.m.d.k.p.c.s.i.TwitterKafkaProducer - Sending message='{"userId": 1403384942, "id": 1452366288052002816, "text": "RT @leongibi: Franz Kafka\u2019nın da dediği gibi \u2018\u2019pek çok şeyin bambaşka olmasını isterdim.\u2019\u2019", "createdAt": 1635106081000}' to topic='twitter-topic'
2021-10-25 01:38:06 [Twitter4J Async Dispatcher[0]] INFO  c.m.d.t.t.k.s.l.TwitterKafkaStatusListener - Received status text RT @___KROW: https://t.co/lo4oaNAIOn

#WomenWhoCode #javascript #GirlsWhoCode #Ronaldo #messi #PyTorch #NFT #Python #programming #project #… sending to kafka topic twitter-topic
2021-10-25 01:38:06 [Twitter4J Async Dispatcher[0]] INFO  c.m.d.k.p.c.s.i.TwitterKafkaProducer - Sending message='{"userId": 1109844789757906944, "id": 1452366288706228231, "text": "RT @___KROW: https://t.co/lo4oaNAIOn\n\n#WomenWhoCode #javascript #GirlsWhoCode #Ronaldo #messi #PyTorch #NFT #Python #programming #project #\u2026", "createdAt": 1635106081000}' to topic='twitter-topic'
2021-10-25 01:38:08 [Twitter4J Async Dispatcher[0]] INFO  c.m.d.t.t.k.s.l.TwitterKafkaStatusListener - Received status text ランキング:50位「服＆ファッション小物」(05:08)

[フォーキャスト] 防寒着 作業着 ジャケット 中綿 Nextソルジャーブルゾン 

価格:￥2,073 - ￥2,838
レビュー数:300
https://t.co/nLJ8KeeHO9 sending to kafka topic twitter-topic
2021-10-25 01:38:08 [Twitter4J Async Dispatcher[0]] INFO  c.m.d.k.p.c.s.i.TwitterKafkaProducer - Sending message='{"userId": 2433651774, "id": 1452366294540435456, "text": "ランキング:50位「服＆ファッション小物」(05:08)\n\n[フォーキャスト] 防寒着 作業着 ジャケット 中綿 Nextソルジャーブルゾン \n\n価格:￥2,073 - ￥2,838\nレビュー数:300\nhttps://t.co/nLJ8KeeHO9", "createdAt": 1635106082000}' to topic='twitter-topic'
2021-10-25 01:38:16 [Twitter4J Async Dispatcher[0]] INFO  c.m.d.t.t.k.s.l.TwitterKafkaStatusListener - Received status text Tomorrow we'll have @BillyKorando and @FrankDelporte speaking a the Antwerp #java User Group! 🤩

Want to join us online? You can! Check out https://t.co/8jJBkz8uP4 for more info. sending to kafka topic twitter-topic
2021-10-25 01:38:16 [Twitter4J Async Dispatcher[0]] INFO  c.m.d.k.p.c.s.i.TwitterKafkaProducer - Sending message='{"userId": 1229119528803717120, "id": 1452366327696527371, "text": "Tomorrow we'll have @BillyKorando and @FrankDelporte speaking a the Antwerp #java User Group! 🤩\n\nWant to join us online? You can! Check out https://t.co/8jJBkz8uP4 for more info.", "createdAt": 1635106090000}' to topic='twitter-topic'
2021-10-25 01:38:16 [Twitter4J Async Dispatcher[0]] INFO  c.m.d.t.t.k.s.l.TwitterKafkaStatusListener - Received status text RT @AnimalPlanet: The Java mouse-deer is the smallest hoofed animal in the world. They grow to be up to 12 inches tall, and weigh up to 4 p… sending to kafka topic twitter-topic
2021-10-25 01:38:16 [Twitter4J Async Dispatcher[0]] INFO  c.m.d.k.p.c.s.i.TwitterKafkaProducer - Sending message='{"userId": 1262825949466439685, "id": 1452366328812253192, "text": "RT @AnimalPlanet: The Java mouse-deer is the smallest hoofed animal in the world. They grow to be up to 12 inches tall, and weigh up to 4 p\u2026", "createdAt": 1635106091000}' to topic='twitter-topic'
2021-10-25 01:38:19 [Twitter4J Async Dispatcher[0]] INFO  c.m.d.t.t.k.s.l.TwitterKafkaStatusListener - Received status text @lovelacecoding You have to be into Java sending to kafka topic twitter-topic
2021-10-25 01:38:19 [Twitter4J Async Dispatcher[0]] INFO  c.m.d.k.p.c.s.i.TwitterKafkaProducer - Sending message='{"userId": 1409212726220627969, "id": 1452366342821138440, "text": "@lovelacecoding You have to be into Java", "createdAt": 1635106094000}' to topic='twitter-topic'
2021-10-25 01:38:21 [Twitter4J Async Dispatcher[0]] INFO  c.m.d.t.t.k.s.l.TwitterKafkaStatusListener - Received status text RT @LSD122070: Another LGBTQ hero we should all know about. 

#DBP4D
#LGBTQIAicons 🏳️‍🌈
#VetsResist 
#ResistanceUnited sending to kafka topic twitter-topic
2021-10-25 01:38:21 [Twitter4J Async Dispatcher[0]] INFO  c.m.d.k.p.c.s.i.TwitterKafkaProducer - Sending message='{"userId": 760694335356690432, "id": 1452366351280922626, "text": "RT @LSD122070: Another LGBTQ hero we should all know about. \n\n#DBP4D\n#LGBTQIAicons 🏳️\u200D🌈\n#VetsResist \n#ResistanceUnited", "createdAt": 1635106096000}' to topic='twitter-topic'
2021-10-25 01:38:25 [Twitter4J Async Dispatcher[0]] INFO  c.m.d.t.t.k.s.l.TwitterKafkaStatusListener - Received status text كـ)ـــود خـ)ــصـم جـديـــد 🧡

فؤغـَٔأَ  َكَلُٔؤسئَتのDZ7の_

سَّٔتَََٔأَََئََلُٔيٰٕٓ の_BG092のْ

6 ستريت の_TBLのْْ

اونـاْس انـاْسのSD233_の_

◥•ﻜٕوِدٓ• ◤
﷼ ﺧٕٓصٍٓمٍٰ ﷼

Kafka is an ethical, not an aesthetic, writer. T.
1858 sending to kafka topic twitter-topic
2021-10-25 01:38:25 [Twitter4J Async Dispatcher[0]] INFO  c.m.d.k.p.c.s.i.TwitterKafkaProducer - Sending message='{"userId": 1452363407877836800, "id": 1452366366850179072, "text": "كـ)ـــود خـ)ــصـم جـديـــد 🧡\n\nفؤغـَٔأَ  َكَلُٔؤسئَتのDZ7の_\n\nسَّٔتَََٔأَََئََلُٔيٰٕٓ の_BG092のْ\n\n6 ستريت の_TBLのْْ\n\nاونـاْس انـاْسのSD233_の_\n\n◥\u2022ﻜٕوِدٓ\u2022 ◤\n﷼ ﺧٕٓصٍٓمٍٰ ﷼\n\nKafka is an ethical, not an aesthetic, writer. T.\n1858", "createdAt": 1635106100000}' to topic='twitter-topic'
2021-10-25 01:38:27 [Twitter4J Async Dispatcher[0]] INFO  c.m.d.t.t.k.s.l.TwitterKafkaStatusListener - Received status text RT @___KROW: https://t.co/lo4oaNAIOn

#WomenWhoCode #javascript #GirlsWhoCode #Ronaldo #messi #PyTorch #NFT #Python #programming #project #… sending to kafka topic twitter-topic
2021-10-25 01:38:27 [Twitter4J Async Dispatcher[0]] INFO  c.m.d.k.p.c.s.i.TwitterKafkaProducer - Sending message='{"userId": 1336432915941474305, "id": 1452366377231212545, "text": "RT @___KROW: https://t.co/lo4oaNAIOn\n\n#WomenWhoCode #javascript #GirlsWhoCode #Ronaldo #messi #PyTorch #NFT #Python #programming #project #\u2026", "createdAt": 1635106102000}' to topic='twitter-topic'
2021-10-25 01:38:42 [Twitter4J Async Dispatcher[0]] INFO  c.m.d.t.t.k.s.l.TwitterKafkaStatusListener - Received status text RT @behro4: Seit 1,5 Jahren fühle ich mich als würde ich in einem Roman leben den Franz Kafka und George Orwell in einer Gemeinschaftsarbei… sending to kafka topic twitter-topic
2021-10-25 01:38:42 [Twitter4J Async Dispatcher[0]] INFO  c.m.d.k.p.c.s.i.TwitterKafkaProducer - Sending message='{"userId": 1076179222673215488, "id": 1452366437318897673, "text": "RT @behro4: Seit 1,5 Jahren fühle ich mich als würde ich in einem Roman leben den Franz Kafka und George Orwell in einer Gemeinschaftsarbei\u2026", "createdAt": 1635106116000}' to topic='twitter-topic'
2021-10-25 01:38:42 [Twitter4J Async Dispatcher[0]] INFO  c.m.d.t.t.k.s.l.TwitterKafkaStatusListener - Received status text RT @kaityo256: これ好きな人はこれも好きかも。
https://t.co/7AQJ8s2BZx sending to kafka topic twitter-topic
2021-10-25 01:38:42 [Twitter4J Async Dispatcher[0]] INFO  c.m.d.k.p.c.s.i.TwitterKafkaProducer - Sending message='{"userId": 807892296, "id": 1452366440447631360, "text": "RT @kaityo256: これ好きな人はこれも好きかも。\nhttps://t.co/7AQJ8s2BZx", "createdAt": 1635106117000}' to topic='twitter-topic'
2021-10-25 01:38:43 [Twitter4J Async Dispatcher[0]] INFO  c.m.d.t.t.k.s.l.TwitterKafkaStatusListener - Received status text RT @forgeaheadio: #Infographic: Here are the processes of custom #MobileApp development! 

#devops #cloud #programming #cloudcomputing #aws… sending to kafka topic twitter-topic
2021-10-25 01:38:43 [Twitter4J Async Dispatcher[0]] INFO  c.m.d.k.p.c.s.i.TwitterKafkaProducer - Sending message='{"userId": 1151494493054484481, "id": 1452366444033892353, "text": "RT @forgeaheadio: #Infographic: Here are the processes of custom #MobileApp development! \n\n#devops #cloud #programming #cloudcomputing #aws\u2026", "createdAt": 1635106118000}' to topic='twitter-topic'
2021-10-25 01:38:44 [Twitter4J Async Dispatcher[0]] INFO  c.m.d.t.t.k.s.l.TwitterKafkaStatusListener - Received status text RT @2018Iptv: i invite you to follow 
#BigData #Analytics #DataScience #AI #MachineLearning #IoT #IIoT #TensorFlow #Java #JavaScript #React… sending to kafka topic twitter-topic
2021-10-25 01:38:44 [Twitter4J Async Dispatcher[0]] INFO  c.m.d.k.p.c.s.i.TwitterKafkaProducer - Sending message='{"userId": 1281253609988997120, "id": 1452366447963947008, "text": "RT @2018Iptv: i invite you to follow \n#BigData #Analytics #DataScience #AI #MachineLearning #IoT #IIoT #TensorFlow #Java #JavaScript #React\u2026", "createdAt": 1635106119000}' to topic='twitter-topic'
2021-10-25 01:38:47 [Twitter4J Async Dispatcher[0]] INFO  c.m.d.t.t.k.s.l.TwitterKafkaStatusListener - Received status text what's the title of the Kafka story about the guy who wakes up at 4am and his brain won't let him go back to sleep until he remembers all of the scientific names for insect anatomy he learned in high school, because i'm living in that one sending to kafka topic twitter-topic
2021-10-25 01:38:47 [Twitter4J Async Dispatcher[0]] INFO  c.m.d.k.p.c.s.i.TwitterKafkaProducer - Sending message='{"userId": 713751978426441728, "id": 1452366458999250945, "text": "what's the title of the Kafka story about the guy who wakes up at 4am and his brain won't let him go back to sleep until he remembers all of the scientific names for insect anatomy he learned in high school, because i'm living in that one", "createdAt": 1635106122000}' to topic='twitter-topic'
2021-10-25 01:38:47 [Twitter4J Async Dispatcher[0]] INFO  c.m.d.t.t.k.s.l.TwitterKafkaStatusListener - Received status text RT @Me_llaman_jota: Use organic mouse! 😂
#arte #art #PhotoOfTheDay  #Photography #scifiart #RTXOn #javascript #DataScience #programming #10… sending to kafka topic twitter-topic
2021-10-25 01:38:47 [Twitter4J Async Dispatcher[0]] INFO  c.m.d.k.p.c.s.i.TwitterKafkaProducer - Sending message='{"userId": 1109844789757906944, "id": 1452366459536039943, "text": "RT @Me_llaman_jota: Use organic mouse! 😂\n#arte #art #PhotoOfTheDay  #Photography #scifiart #RTXOn #javascript #DataScience #programming #10\u2026", "createdAt": 1635106122000}' to topic='twitter-topic'
2021-10-25 01:38:48 [SpringContextShutdownHook] INFO  c.m.d.t.t.k.s.r.i.TwitterKafkaStreamRunner - Closing twitter stream!
2021-10-25 01:38:49 [SpringContextShutdownHook] INFO  c.m.d.k.p.c.s.i.TwitterKafkaProducer - Closing kafka producer!
2021-10-25 01:38:49 [SpringContextShutdownHook] INFO  o.a.k.clients.producer.KafkaProducer - [Producer clientId=producer-1] Closing the Kafka producer with timeoutMillis = 30000 ms.
